2019-11-04 10:28:09 fhGet - 2019-11-04 10:36:13 fhGet - 2019-11-04 10:38:22 fhGet - 2019-11-04 11:52:52 fhGet - 2019-11-04 13:32:38 fhGet - /people/368 200 OK ( 0.535 s )
2019-11-04 13:33:27 fhGet - /people/368 200 OK ( 0.457 s )
2019-11-04 13:33:30 fhGet - /people/368 200 OK ( 0.356 s )
2019-11-04 13:33:32 fhGet - 2021-02-04 12:46:21 skGet https://testing.sysmo-db.org/people/808 
2021-02-04 12:46:22  0.55 
2021-02-04 12:46:51 skGet https://testing.sysmo-db.org/people/368 
2021-02-04 12:46:51  0.35 https://testing.sysmo-db.org/people/368 
2021-02-04 12:47:39 skGet https://testing.sysmo-db.org/people/368 
2021-02-04 12:47:40  0.38 https://testing.sysmo-db.org/people/368 
2021-02-04 12:56:58 skGet https://testing.sysmo-db.org/people/368 
2021-02-04 12:56:58  0.49 https://testing.sysmo-db.org/people/368 
2021-02-04 13:23:05 skGet https://testing.sysmo-db.org/people/368 
2021-02-04 13:23:05  0.55 https://testing.sysmo-db.org/people/368 
2021-02-04 13:23:20 skGet https://testing.sysmo-db.org/people/368 
2021-02-04 13:23:20  0.44 https://testing.sysmo-db.org/people/368 
2021-02-04 13:28:19 skGet https://testing.sysmo-db.org/people/300 
2021-02-04 13:28:19  0.29 
2021-02-04 13:28:24 skGet https://testing.sysmo-db.org/people/369 
2021-02-04 13:28:24  0.45 https://testing.sysmo-db.org/people/369 
2021-02-04 13:28:56 skGet https://testing.sysmo-db.org/project/100 
2021-02-04 13:28:57  0.16 
2021-02-04 13:29:00 skGet https://testing.sysmo-db.org/project/1 
2021-02-04 13:29:01  0.15 
2021-02-04 13:29:05 skGet https://testing.sysmo-db.org/project/100 
2021-02-04 13:29:06  0.17 
2021-02-04 13:29:11 skGet https://testing.sysmo-db.org/assay/100 
2021-02-04 13:29:11  0.06 
2021-02-04 13:29:27 skGet https://testing.sysmo-db.org/assay/500 
2021-02-04 13:29:27  0.05 
2021-02-04 13:29:51 skGet https://testing.sysmo-db.org/documents/100 
2021-02-04 13:29:52  0.25 https://testing.sysmo-db.org/documents/100?version=1 
2021-02-04 13:29:54 skGet https://testing.sysmo-db.org/documents/107 
2021-02-04 13:29:55  0.26 https://testing.sysmo-db.org/documents/107?version=1 
2021-02-04 13:32:55 skGet https://www.fairdomhub.org//people/808 
2021-02-04 13:32:57 200 OK 1.02 https://fairdomhub.org/people/808 
2021-02-04 14:02:03 skGet https://testing.sysmo-db.org/people/Maja Zagorscak 
2021-02-04 14:02:03  0.37 
2021-02-04 14:02:11 skGet https://testing.sysmo-db.org/people/Andrej Blejec 
2021-02-04 14:02:11  0.05 
2021-02-04 14:02:17 skGet https://testing.sysmo-db.org/people/Andrej Blejec 
2021-02-04 14:02:17  0.16 
2021-02-04 14:03:35 skGet https://testing.sysmo-db.org/people/Andrej Blejec 
2021-02-04 14:03:35  0.23 
2021-02-04 14:05:32 skGet https://testing.sysmo-db.org/people 
2021-02-04 14:05:32  0.19  
2021-02-04 14:05:54 skGet https://testing.sysmo-db.org/people/320 
2021-02-04 14:05:55  0.25 https://testing.sysmo-db.org/people/320 
2021-02-04 14:06:53 skGet https://testing.sysmo-db.org/people 
2021-02-04 14:06:53  0.2  
2021-02-04 14:07:05 skGet https://testing.sysmo-db.org/people 
2021-02-04 14:07:05  0.21  
2021-02-04 14:07:55 skGet https://testing.sysmo-db.org/people 
2021-02-04 14:07:55  0.21  
2021-02-04 14:07:55 skGet https://testing.sysmo-db.org/people/320 
2021-02-04 14:07:55  0.26 https://testing.sysmo-db.org/people/320 
2021-02-04 14:07:55 skGet https://testing.sysmo-db.org/people/0 
2021-02-04 14:07:55  0.04 
2021-07-12 18:25:47 skCreate https://testing.sysmo-db.org/projects 
2021-07-12 18:25:58 skCreate https://testing.sysmo-db.org/projects 
2021-07-12 18:26:13  15.03 https://testing.sysmo-db.org/projects/128 
2021-07-12 18:28:46 skCreate https://testing.sysmo-db.org/investigations 
2021-07-12 18:28:48  1.97 https://testing.sysmo-db.org/investigations/145 
2021-07-12 18:28:48 skCreate https://testing.sysmo-db.org/studies 
2021-07-12 18:28:50  2.11 https://testing.sysmo-db.org/studies/160 
2021-07-12 18:29:24 skCreate https://testing.sysmo-db.org/assays 
2021-07-12 18:29:26  1.84 https://testing.sysmo-db.org/assays/489 
2021-08-11 11:36:47 skGet NULL/people/ 
2021-10-13 11:43:21 skGet NULL/projects/NULL 
2021-10-13 11:43:24 skGet NULL/projects/NULL 
2021-10-13 11:43:49 skGet NULL/projects/NULL 
2021-10-13 11:45:11 skGet NULL/projects/NULL 
2021-10-13 11:45:19 skGet NULL/projects/NULL 
2021-10-13 11:45:39 skGet NULL/projects/NULL 
2021-10-13 11:48:22 skGet NULL/projects/NULL 
2021-10-13 11:48:29 skGet NULL/projects/NULL 
2021-10-13 11:48:46 skGet NULL/projects/NULL 
2021-10-13 11:50:19 skGet NULL/projects/NULL 
2021-10-13 11:53:04 skGet NULL/projects/NULL 
2021-10-13 11:53:17 skGet NULL/projects/NULL 
2021-10-28 14:56:30 skGet https://testing.sysmo-db.org/projects/ 
2021-10-28 14:56:30 skGet https://testing.sysmo-db.org/projects/ 
2021-10-28 14:56:43 skGet https://testing.sysmo-db.org/projects/ 
2021-10-28 14:58:54 skGet https://testing.sysmo-db.org/projects/ 
2021-10-28 14:58:56 skGet https://testing.sysmo-db.org/projects/ 
2021-10-28 15:00:18 skGet https://testing.sysmo-db.org/projects/ 
2021-10-28 15:00:36 skGet https://testing.sysmo-db.org/projects/ 
2021-10-28 15:00:38 skGet https://testing.sysmo-db.org/projects/ 
2021-10-29 14:15:24 skGet NULL/projects/ 
2021-10-29 14:15:26 skGet NULL/projects/ 
2021-10-29 14:17:20 skGet NULL/projects/ 
2021-10-29 14:17:26 skGet NULL/projects/ 
2021-10-29 14:17:38 skGet NULL/projects/ 
